[Mon Mar 31 08:56:23 2025][INFO][./src/logger.c:23] Logger initialized
[Mon Mar 31 08:56:23 2025][INFO][./src/main.c:19] Starting CHIP8 emulator
[Mon Mar 31 08:56:23 2025][INFO][./src/main.c:28] SDL initialized successfully
[Mon Mar 31 08:56:23 2025][INFO][./src/main.c:44] Window created successfully
[Mon Mar 31 08:56:23 2025][INFO][./src/main.c:54] Renderer created successfully
[Mon Mar 31 08:56:23 2025][DEBUG][./src/main.c:75] Unhandled event type: 4352
[Mon Mar 31 08:56:23 2025][DEBUG][./src/main.c:75] Unhandled event type: 4352
[Mon Mar 31 08:56:23 2025][DEBUG][./src/main.c:75] Unhandled event type: 4352
[Mon Mar 31 08:56:23 2025][DEBUG][./src/main.c:75] Unhandled event type: 4352
[Mon Mar 31 08:56:23 2025][DEBUG][./src/main.c:75] Unhandled event type: 4352
[Mon Mar 31 08:56:23 2025][DEBUG][./src/main.c:75] Unhandled event type: 512
[Mon Mar 31 08:56:23 2025][DEBUG][./src/main.c:75] Unhandled event type: 512
[Mon Mar 31 08:56:23 2025][DEBUG][./src/main.c:75] Unhandled event type: 770
[Mon Mar 31 08:56:23 2025][DEBUG][./src/main.c:75] Unhandled event type: 512
[Mon Mar 31 08:56:23 2025][DEBUG][./src/main.c:75] Unhandled event type: 512
[Mon Mar 31 08:56:23 2025][DEBUG][./src/main.c:75] Unhandled event type: 1024
[Mon Mar 31 08:56:23 2025][DEBUG][./src/main.c:75] Unhandled event type: 1024
[Mon Mar 31 08:56:23 2025][DEBUG][./src/main.c:75] Unhandled event type: 1024
[Mon Mar 31 08:56:23 2025][DEBUG][./src/main.c:75] Unhandled event type: 1024
[Mon Mar 31 08:56:23 2025][DEBUG][./src/main.c:75] Unhandled event type: 1024
[Mon Mar 31 08:56:23 2025][DEBUG][./src/main.c:75] Unhandled event type: 1024
[Mon Mar 31 08:56:23 2025][DEBUG][./src/main.c:75] Unhandled event type: 1024
[Mon Mar 31 08:56:23 2025][DEBUG][./src/main.c:75] Unhandled event type: 1024
[Mon Mar 31 08:56:23 2025][DEBUG][./src/main.c:75] Unhandled event type: 1024
[Mon Mar 31 08:56:23 2025][DEBUG][./src/main.c:75] Unhandled event type: 1024
[Mon Mar 31 08:56:23 2025][DEBUG][./src/main.c:75] Unhandled event type: 1024
[Mon Mar 31 08:56:23 2025][DEBUG][./src/main.c:75] Unhandled event type: 1024
[Mon Mar 31 08:56:23 2025][DEBUG][./src/main.c:75] Unhandled event type: 1024
[Mon Mar 31 08:56:23 2025][DEBUG][./src/main.c:75] Unhandled event type: 1024
[Mon Mar 31 08:56:23 2025][DEBUG][./src/main.c:75] Unhandled event type: 1024
[Mon Mar 31 08:56:23 2025][DEBUG][./src/main.c:75] Unhandled event type: 1024
[Mon Mar 31 08:56:23 2025][DEBUG][./src/main.c:75] Unhandled event type: 1024
[Mon Mar 31 08:56:23 2025][DEBUG][./src/main.c:75] Unhandled event type: 1024
[Mon Mar 31 08:56:23 2025][DEBUG][./src/main.c:75] Unhandled event type: 1024
[Mon Mar 31 08:56:23 2025][DEBUG][./src/main.c:75] Unhandled event type: 1024
[Mon Mar 31 08:56:23 2025][DEBUG][./src/main.c:75] Unhandled event type: 1024
[Mon Mar 31 08:56:23 2025][DEBUG][./src/main.c:75] Unhandled event type: 1024
[Mon Mar 31 08:56:23 2025][DEBUG][./src/main.c:75] Unhandled event type: 1024
[Mon Mar 31 08:56:23 2025][DEBUG][./src/main.c:75] Unhandled event type: 1024
[Mon Mar 31 08:56:23 2025][DEBUG][./src/main.c:75] Unhandled event type: 1024
[Mon Mar 31 08:56:23 2025][DEBUG][./src/main.c:75] Unhandled event type: 1024
[Mon Mar 31 08:56:23 2025][DEBUG][./src/main.c:75] Unhandled event type: 1024
[Mon Mar 31 08:56:23 2025][DEBUG][./src/main.c:75] Unhandled event type: 1024
[Mon Mar 31 08:56:23 2025][DEBUG][./src/main.c:75] Unhandled event type: 1024
[Mon Mar 31 08:56:23 2025][DEBUG][./src/main.c:75] Unhandled event type: 1024
[Mon Mar 31 08:56:23 2025][DEBUG][./src/main.c:75] Unhandled event type: 1024
[Mon Mar 31 08:56:23 2025][DEBUG][./src/main.c:75] Unhandled event type: 1024
[Mon Mar 31 08:56:23 2025][DEBUG][./src/main.c:75] Unhandled event type: 1024
[Mon Mar 31 08:56:23 2025][DEBUG][./src/main.c:75] Unhandled event type: 1024
[Mon Mar 31 08:56:23 2025][DEBUG][./src/main.c:75] Unhandled event type: 1024
[Mon Mar 31 08:56:23 2025][DEBUG][./src/main.c:75] Unhandled event type: 1024
[Mon Mar 31 08:56:23 2025][DEBUG][./src/main.c:75] Unhandled event type: 1024
[Mon Mar 31 08:56:23 2025][DEBUG][./src/main.c:75] Unhandled event type: 1024
[Mon Mar 31 08:56:23 2025][DEBUG][./src/main.c:75] Unhandled event type: 1024
[Mon Mar 31 08:56:23 2025][DEBUG][./src/main.c:75] Unhandled event type: 1024
[Mon Mar 31 08:56:23 2025][DEBUG][./src/main.c:75] Unhandled event type: 1024
[Mon Mar 31 08:56:23 2025][DEBUG][./src/main.c:75] Unhandled event type: 1024
[Mon Mar 31 08:56:23 2025][DEBUG][./src/main.c:75] Unhandled event type: 1024
[Mon Mar 31 08:56:23 2025][DEBUG][./src/main.c:75] Unhandled event type: 1024
[Mon Mar 31 08:56:23 2025][DEBUG][./src/main.c:75] Unhandled event type: 1024
[Mon Mar 31 08:56:23 2025][DEBUG][./src/main.c:75] Unhandled event type: 1024
[Mon Mar 31 08:56:23 2025][DEBUG][./src/main.c:75] Unhandled event type: 1024
[Mon Mar 31 08:56:23 2025][DEBUG][./src/main.c:75] Unhandled event type: 1024
[Mon Mar 31 08:56:23 2025][DEBUG][./src/main.c:75] Unhandled event type: 1024
[Mon Mar 31 08:56:23 2025][DEBUG][./src/main.c:75] Unhandled event type: 1024
[Mon Mar 31 08:56:23 2025][DEBUG][./src/main.c:75] Unhandled event type: 1024
[Mon Mar 31 08:56:23 2025][DEBUG][./src/main.c:75] Unhandled event type: 1024
[Mon Mar 31 08:56:23 2025][DEBUG][./src/main.c:75] Unhandled event type: 1024
[Mon Mar 31 08:56:23 2025][DEBUG][./src/main.c:75] Unhandled event type: 1024
[Mon Mar 31 08:56:23 2025][DEBUG][./src/main.c:75] Unhandled event type: 1024
[Mon Mar 31 08:56:23 2025][DEBUG][./src/main.c:75] Unhandled event type: 1024
[Mon Mar 31 08:56:23 2025][DEBUG][./src/main.c:75] Unhandled event type: 1024
[Mon Mar 31 08:56:23 2025][DEBUG][./src/main.c:75] Unhandled event type: 1024
[Mon Mar 31 08:56:23 2025][DEBUG][./src/main.c:75] Unhandled event type: 1024
[Mon Mar 31 08:56:23 2025][DEBUG][./src/main.c:75] Unhandled event type: 1024
[Mon Mar 31 08:56:23 2025][DEBUG][./src/main.c:75] Unhandled event type: 1024
[Mon Mar 31 08:56:23 2025][DEBUG][./src/main.c:75] Unhandled event type: 1024
[Mon Mar 31 08:56:23 2025][DEBUG][./src/main.c:75] Unhandled event type: 1024
[Mon Mar 31 08:56:23 2025][DEBUG][./src/main.c:75] Unhandled event type: 1024
[Mon Mar 31 08:56:23 2025][DEBUG][./src/main.c:75] Unhandled event type: 1024
[Mon Mar 31 08:56:23 2025][DEBUG][./src/main.c:75] Unhandled event type: 1024
[Mon Mar 31 08:56:23 2025][DEBUG][./src/main.c:75] Unhandled event type: 1024
[Mon Mar 31 08:56:23 2025][DEBUG][./src/main.c:75] Unhandled event type: 1024
[Mon Mar 31 08:56:23 2025][DEBUG][./src/main.c:75] Unhandled event type: 1024
[Mon Mar 31 08:56:23 2025][DEBUG][./src/main.c:75] Unhandled event type: 1024
[Mon Mar 31 08:56:23 2025][DEBUG][./src/main.c:75] Unhandled event type: 1024
[Mon Mar 31 08:56:23 2025][DEBUG][./src/main.c:75] Unhandled event type: 1024
[Mon Mar 31 08:56:23 2025][DEBUG][./src/main.c:75] Unhandled event type: 1024
[Mon Mar 31 08:56:23 2025][DEBUG][./src/main.c:75] Unhandled event type: 1024
[Mon Mar 31 08:56:23 2025][DEBUG][./src/main.c:75] Unhandled event type: 1024
[Mon Mar 31 08:56:23 2025][DEBUG][./src/main.c:75] Unhandled event type: 1024
[Mon Mar 31 08:56:23 2025][DEBUG][./src/main.c:75] Unhandled event type: 1024
[Mon Mar 31 08:56:23 2025][DEBUG][./src/main.c:75] Unhandled event type: 1024
[Mon Mar 31 08:56:23 2025][DEBUG][./src/main.c:75] Unhandled event type: 1024
[Mon Mar 31 08:56:23 2025][DEBUG][./src/main.c:75] Unhandled event type: 1024
[Mon Mar 31 08:56:23 2025][DEBUG][./src/main.c:75] Unhandled event type: 1024
[Mon Mar 31 08:56:23 2025][DEBUG][./src/main.c:75] Unhandled event type: 1024
[Mon Mar 31 08:56:23 2025][DEBUG][./src/main.c:75] Unhandled event type: 1024
[Mon Mar 31 08:56:23 2025][DEBUG][./src/main.c:75] Unhandled event type: 1024
[Mon Mar 31 08:56:23 2025][DEBUG][./src/main.c:75] Unhandled event type: 1024
[Mon Mar 31 08:56:23 2025][DEBUG][./src/main.c:75] Unhandled event type: 1024
[Mon Mar 31 08:56:23 2025][DEBUG][./src/main.c:75] Unhandled event type: 1024
[Mon Mar 31 08:56:23 2025][DEBUG][./src/main.c:75] Unhandled event type: 1024
[Mon Mar 31 08:56:23 2025][DEBUG][./src/main.c:75] Unhandled event type: 1024
[Mon Mar 31 08:56:23 2025][DEBUG][./src/main.c:75] Unhandled event type: 1024
[Mon Mar 31 08:56:23 2025][DEBUG][./src/main.c:75] Unhandled event type: 1024
[Mon Mar 31 08:56:23 2025][DEBUG][./src/main.c:75] Unhandled event type: 1024
[Mon Mar 31 08:56:23 2025][DEBUG][./src/main.c:75] Unhandled event type: 1024
[Mon Mar 31 08:56:23 2025][DEBUG][./src/main.c:75] Unhandled event type: 1024
[Mon Mar 31 08:56:23 2025][DEBUG][./src/main.c:75] Unhandled event type: 1024
[Mon Mar 31 08:56:23 2025][DEBUG][./src/main.c:75] Unhandled event type: 1024
[Mon Mar 31 08:56:23 2025][DEBUG][./src/main.c:75] Unhandled event type: 1024
[Mon Mar 31 08:56:23 2025][DEBUG][./src/main.c:75] Unhandled event type: 1024
[Mon Mar 31 08:56:24 2025][DEBUG][./src/main.c:75] Unhandled event type: 1024
[Mon Mar 31 08:56:24 2025][DEBUG][./src/main.c:75] Unhandled event type: 1024
[Mon Mar 31 08:56:24 2025][DEBUG][./src/main.c:75] Unhandled event type: 1024
[Mon Mar 31 08:56:24 2025][DEBUG][./src/main.c:75] Unhandled event type: 1024
[Mon Mar 31 08:56:24 2025][DEBUG][./src/main.c:75] Unhandled event type: 1024
[Mon Mar 31 08:56:24 2025][DEBUG][./src/main.c:75] Unhandled event type: 1024
[Mon Mar 31 08:56:24 2025][DEBUG][./src/main.c:75] Unhandled event type: 1024
[Mon Mar 31 08:56:24 2025][DEBUG][./src/main.c:75] Unhandled event type: 1024
[Mon Mar 31 08:56:24 2025][DEBUG][./src/main.c:75] Unhandled event type: 1024
[Mon Mar 31 08:56:24 2025][DEBUG][./src/main.c:75] Unhandled event type: 1024
[Mon Mar 31 08:56:24 2025][DEBUG][./src/main.c:75] Unhandled event type: 1024
[Mon Mar 31 08:56:24 2025][DEBUG][./src/main.c:75] Unhandled event type: 1024
[Mon Mar 31 08:56:24 2025][DEBUG][./src/main.c:75] Unhandled event type: 1024
[Mon Mar 31 08:56:24 2025][DEBUG][./src/main.c:75] Unhandled event type: 1024
[Mon Mar 31 08:56:24 2025][DEBUG][./src/main.c:75] Unhandled event type: 1024
[Mon Mar 31 08:56:24 2025][DEBUG][./src/main.c:75] Unhandled event type: 1024
[Mon Mar 31 08:56:24 2025][DEBUG][./src/main.c:75] Unhandled event type: 1024
[Mon Mar 31 08:56:24 2025][DEBUG][./src/main.c:75] Unhandled event type: 1024
[Mon Mar 31 08:56:24 2025][DEBUG][./src/main.c:75] Unhandled event type: 1024
[Mon Mar 31 08:56:24 2025][DEBUG][./src/main.c:75] Unhandled event type: 1024
[Mon Mar 31 08:56:24 2025][DEBUG][./src/main.c:75] Unhandled event type: 1024
[Mon Mar 31 08:56:24 2025][DEBUG][./src/main.c:75] Unhandled event type: 1024
[Mon Mar 31 08:56:24 2025][DEBUG][./src/main.c:75] Unhandled event type: 1024
[Mon Mar 31 08:56:24 2025][DEBUG][./src/main.c:75] Unhandled event type: 1024
[Mon Mar 31 08:56:24 2025][DEBUG][./src/main.c:75] Unhandled event type: 1024
[Mon Mar 31 08:56:24 2025][DEBUG][./src/main.c:75] Unhandled event type: 1024
[Mon Mar 31 08:56:24 2025][DEBUG][./src/main.c:75] Unhandled event type: 1024
[Mon Mar 31 08:56:24 2025][DEBUG][./src/main.c:75] Unhandled event type: 1024
[Mon Mar 31 08:56:24 2025][DEBUG][./src/main.c:75] Unhandled event type: 1024
[Mon Mar 31 08:56:24 2025][DEBUG][./src/main.c:75] Unhandled event type: 1024
[Mon Mar 31 08:56:24 2025][DEBUG][./src/main.c:75] Unhandled event type: 1024
[Mon Mar 31 08:56:24 2025][DEBUG][./src/main.c:75] Unhandled event type: 1024
[Mon Mar 31 08:56:24 2025][DEBUG][./src/main.c:75] Unhandled event type: 1024
[Mon Mar 31 08:56:24 2025][DEBUG][./src/main.c:75] Unhandled event type: 1024
[Mon Mar 31 08:56:24 2025][DEBUG][./src/main.c:75] Unhandled event type: 1024
[Mon Mar 31 08:56:24 2025][DEBUG][./src/main.c:75] Unhandled event type: 1024
[Mon Mar 31 08:56:24 2025][DEBUG][./src/main.c:75] Unhandled event type: 1024
[Mon Mar 31 08:56:24 2025][DEBUG][./src/main.c:75] Unhandled event type: 1024
[Mon Mar 31 08:56:24 2025][DEBUG][./src/main.c:75] Unhandled event type: 1024
[Mon Mar 31 08:56:24 2025][DEBUG][./src/main.c:75] Unhandled event type: 1024
[Mon Mar 31 08:56:24 2025][DEBUG][./src/main.c:75] Unhandled event type: 1024
[Mon Mar 31 08:56:24 2025][DEBUG][./src/main.c:75] Unhandled event type: 1025
[Mon Mar 31 08:56:24 2025][DEBUG][./src/main.c:75] Unhandled event type: 1024
[Mon Mar 31 08:56:24 2025][DEBUG][./src/main.c:75] Unhandled event type: 1024
[Mon Mar 31 08:56:24 2025][DEBUG][./src/main.c:75] Unhandled event type: 1026
[Mon Mar 31 08:56:24 2025][DEBUG][./src/main.c:68] Key pressed: R (mapped to: -1)
[Mon Mar 31 08:56:24 2025][DEBUG][./src/main.c:72] Key released
[Mon Mar 31 08:56:25 2025][DEBUG][./src/main.c:68] Key pressed: R (mapped to: -1)
[Mon Mar 31 08:56:25 2025][DEBUG][./src/main.c:72] Key released
[Mon Mar 31 08:56:25 2025][DEBUG][./src/main.c:68] Key pressed: R (mapped to: -1)
[Mon Mar 31 08:56:25 2025][DEBUG][./src/main.c:72] Key released
[Mon Mar 31 08:56:25 2025][DEBUG][./src/main.c:68] Key pressed: Q (mapped to: -1)
[Mon Mar 31 08:56:25 2025][DEBUG][./src/main.c:72] Key released
[Mon Mar 31 08:56:25 2025][DEBUG][./src/main.c:68] Key pressed: Q (mapped to: -1)
[Mon Mar 31 08:56:25 2025][DEBUG][./src/main.c:72] Key released
[Mon Mar 31 08:56:25 2025][DEBUG][./src/main.c:68] Key pressed: Q (mapped to: -1)
[Mon Mar 31 08:56:26 2025][DEBUG][./src/main.c:72] Key released
[Mon Mar 31 08:56:26 2025][DEBUG][./src/main.c:68] Key pressed: P (mapped to: -1)
[Mon Mar 31 08:56:26 2025][DEBUG][./src/main.c:72] Key released
[Mon Mar 31 08:56:26 2025][DEBUG][./src/main.c:68] Key pressed: P (mapped to: -1)
[Mon Mar 31 08:56:26 2025][DEBUG][./src/main.c:72] Key released
[Mon Mar 31 08:56:26 2025][DEBUG][./src/main.c:68] Key pressed: O (mapped to: -1)
[Mon Mar 31 08:56:26 2025][DEBUG][./src/main.c:72] Key released
[Mon Mar 31 08:56:27 2025][DEBUG][./src/main.c:68] Key pressed: O (mapped to: -1)
[Mon Mar 31 08:56:27 2025][DEBUG][./src/main.c:72] Key released
[Mon Mar 31 08:56:27 2025][DEBUG][./src/main.c:75] Unhandled event type: 1024
[Mon Mar 31 08:56:27 2025][DEBUG][./src/main.c:75] Unhandled event type: 1024
[Mon Mar 31 08:56:27 2025][DEBUG][./src/main.c:75] Unhandled event type: 1024
[Mon Mar 31 08:56:27 2025][DEBUG][./src/main.c:75] Unhandled event type: 1024
[Mon Mar 31 08:56:27 2025][DEBUG][./src/main.c:75] Unhandled event type: 1024
[Mon Mar 31 08:56:27 2025][DEBUG][./src/main.c:75] Unhandled event type: 1024
[Mon Mar 31 08:56:27 2025][DEBUG][./src/main.c:75] Unhandled event type: 1024
[Mon Mar 31 08:56:27 2025][DEBUG][./src/main.c:75] Unhandled event type: 1024
[Mon Mar 31 08:56:27 2025][DEBUG][./src/main.c:75] Unhandled event type: 1024
[Mon Mar 31 08:56:27 2025][DEBUG][./src/main.c:75] Unhandled event type: 1024
[Mon Mar 31 08:56:27 2025][DEBUG][./src/main.c:75] Unhandled event type: 1024
[Mon Mar 31 08:56:27 2025][DEBUG][./src/main.c:75] Unhandled event type: 1024
[Mon Mar 31 08:56:27 2025][DEBUG][./src/main.c:75] Unhandled event type: 1024
[Mon Mar 31 08:56:27 2025][DEBUG][./src/main.c:75] Unhandled event type: 1024
[Mon Mar 31 08:56:27 2025][DEBUG][./src/main.c:75] Unhandled event type: 1024
[Mon Mar 31 08:56:27 2025][DEBUG][./src/main.c:75] Unhandled event type: 1024
[Mon Mar 31 08:56:27 2025][DEBUG][./src/main.c:75] Unhandled event type: 1024
[Mon Mar 31 08:56:27 2025][DEBUG][./src/main.c:75] Unhandled event type: 1024
[Mon Mar 31 08:56:27 2025][DEBUG][./src/main.c:75] Unhandled event type: 1024
[Mon Mar 31 08:56:27 2025][DEBUG][./src/main.c:75] Unhandled event type: 1024
[Mon Mar 31 08:56:27 2025][DEBUG][./src/main.c:75] Unhandled event type: 1024
[Mon Mar 31 08:56:27 2025][DEBUG][./src/main.c:75] Unhandled event type: 1024
[Mon Mar 31 08:56:27 2025][DEBUG][./src/main.c:75] Unhandled event type: 1024
[Mon Mar 31 08:56:27 2025][DEBUG][./src/main.c:75] Unhandled event type: 1024
[Mon Mar 31 08:56:27 2025][DEBUG][./src/main.c:75] Unhandled event type: 1024
[Mon Mar 31 08:56:27 2025][DEBUG][./src/main.c:75] Unhandled event type: 1024
[Mon Mar 31 08:56:27 2025][DEBUG][./src/main.c:75] Unhandled event type: 1024
[Mon Mar 31 08:56:27 2025][DEBUG][./src/main.c:75] Unhandled event type: 1024
[Mon Mar 31 08:56:27 2025][DEBUG][./src/main.c:75] Unhandled event type: 1024
[Mon Mar 31 08:56:27 2025][DEBUG][./src/main.c:75] Unhandled event type: 1024
[Mon Mar 31 08:56:27 2025][DEBUG][./src/main.c:75] Unhandled event type: 1024
[Mon Mar 31 08:56:27 2025][DEBUG][./src/main.c:75] Unhandled event type: 1024
[Mon Mar 31 08:56:27 2025][DEBUG][./src/main.c:75] Unhandled event type: 1024
[Mon Mar 31 08:56:27 2025][DEBUG][./src/main.c:75] Unhandled event type: 1024
[Mon Mar 31 08:56:27 2025][DEBUG][./src/main.c:75] Unhandled event type: 1024
[Mon Mar 31 08:56:27 2025][DEBUG][./src/main.c:75] Unhandled event type: 1024
[Mon Mar 31 08:56:27 2025][DEBUG][./src/main.c:75] Unhandled event type: 1024
[Mon Mar 31 08:56:27 2025][DEBUG][./src/main.c:75] Unhandled event type: 1024
[Mon Mar 31 08:56:27 2025][DEBUG][./src/main.c:75] Unhandled event type: 1024
[Mon Mar 31 08:56:27 2025][DEBUG][./src/main.c:75] Unhandled event type: 1024
[Mon Mar 31 08:56:27 2025][DEBUG][./src/main.c:75] Unhandled event type: 1024
[Mon Mar 31 08:56:27 2025][DEBUG][./src/main.c:75] Unhandled event type: 1024
[Mon Mar 31 08:56:27 2025][DEBUG][./src/main.c:75] Unhandled event type: 1024
[Mon Mar 31 08:56:27 2025][DEBUG][./src/main.c:75] Unhandled event type: 1024
[Mon Mar 31 08:56:27 2025][DEBUG][./src/main.c:75] Unhandled event type: 1024
[Mon Mar 31 08:56:27 2025][DEBUG][./src/main.c:75] Unhandled event type: 1024
[Mon Mar 31 08:56:27 2025][DEBUG][./src/main.c:75] Unhandled event type: 1024
[Mon Mar 31 08:56:27 2025][DEBUG][./src/main.c:75] Unhandled event type: 1024
[Mon Mar 31 08:56:27 2025][DEBUG][./src/main.c:75] Unhandled event type: 1024
[Mon Mar 31 08:56:27 2025][DEBUG][./src/main.c:75] Unhandled event type: 1024
[Mon Mar 31 08:56:27 2025][DEBUG][./src/main.c:75] Unhandled event type: 1024
[Mon Mar 31 08:56:27 2025][DEBUG][./src/main.c:75] Unhandled event type: 1024
[Mon Mar 31 08:56:27 2025][DEBUG][./src/main.c:75] Unhandled event type: 1024
[Mon Mar 31 08:56:27 2025][DEBUG][./src/main.c:75] Unhandled event type: 1024
[Mon Mar 31 08:56:27 2025][DEBUG][./src/main.c:75] Unhandled event type: 1024
[Mon Mar 31 08:56:27 2025][DEBUG][./src/main.c:75] Unhandled event type: 1024
[Mon Mar 31 08:56:27 2025][DEBUG][./src/main.c:75] Unhandled event type: 1024
[Mon Mar 31 08:56:27 2025][DEBUG][./src/main.c:75] Unhandled event type: 1024
[Mon Mar 31 08:56:27 2025][DEBUG][./src/main.c:75] Unhandled event type: 1024
[Mon Mar 31 08:56:27 2025][DEBUG][./src/main.c:75] Unhandled event type: 1024
[Mon Mar 31 08:56:27 2025][DEBUG][./src/main.c:75] Unhandled event type: 1024
[Mon Mar 31 08:56:27 2025][DEBUG][./src/main.c:75] Unhandled event type: 1024
[Mon Mar 31 08:56:27 2025][DEBUG][./src/main.c:75] Unhandled event type: 1024
[Mon Mar 31 08:56:27 2025][DEBUG][./src/main.c:75] Unhandled event type: 1024
[Mon Mar 31 08:56:27 2025][DEBUG][./src/main.c:75] Unhandled event type: 1024
[Mon Mar 31 08:56:27 2025][DEBUG][./src/main.c:75] Unhandled event type: 1024
[Mon Mar 31 08:56:27 2025][DEBUG][./src/main.c:75] Unhandled event type: 1024
[Mon Mar 31 08:56:27 2025][DEBUG][./src/main.c:75] Unhandled event type: 1024
[Mon Mar 31 08:56:27 2025][DEBUG][./src/main.c:75] Unhandled event type: 1024
[Mon Mar 31 08:56:27 2025][DEBUG][./src/main.c:75] Unhandled event type: 1024
[Mon Mar 31 08:56:27 2025][DEBUG][./src/main.c:75] Unhandled event type: 1024
[Mon Mar 31 08:56:27 2025][DEBUG][./src/main.c:75] Unhandled event type: 1024
[Mon Mar 31 08:56:27 2025][DEBUG][./src/main.c:75] Unhandled event type: 1024
[Mon Mar 31 08:56:27 2025][DEBUG][./src/main.c:75] Unhandled event type: 1024
[Mon Mar 31 08:56:27 2025][DEBUG][./src/main.c:75] Unhandled event type: 1024
[Mon Mar 31 08:56:27 2025][DEBUG][./src/main.c:75] Unhandled event type: 1024
[Mon Mar 31 08:56:27 2025][DEBUG][./src/main.c:75] Unhandled event type: 1024
[Mon Mar 31 08:56:27 2025][DEBUG][./src/main.c:75] Unhandled event type: 1024
[Mon Mar 31 08:56:27 2025][DEBUG][./src/main.c:75] Unhandled event type: 1024
[Mon Mar 31 08:56:27 2025][DEBUG][./src/main.c:75] Unhandled event type: 1024
[Mon Mar 31 08:56:27 2025][DEBUG][./src/main.c:75] Unhandled event type: 1024
[Mon Mar 31 08:56:27 2025][DEBUG][./src/main.c:75] Unhandled event type: 1024
[Mon Mar 31 08:56:27 2025][DEBUG][./src/main.c:75] Unhandled event type: 1024
[Mon Mar 31 08:56:27 2025][DEBUG][./src/main.c:75] Unhandled event type: 1024
[Mon Mar 31 08:56:27 2025][DEBUG][./src/main.c:75] Unhandled event type: 1024
[Mon Mar 31 08:56:27 2025][DEBUG][./src/main.c:75] Unhandled event type: 1024
[Mon Mar 31 08:56:27 2025][DEBUG][./src/main.c:75] Unhandled event type: 1024
[Mon Mar 31 08:56:27 2025][DEBUG][./src/main.c:75] Unhandled event type: 1024
[Mon Mar 31 08:56:27 2025][DEBUG][./src/main.c:75] Unhandled event type: 1024
[Mon Mar 31 08:56:27 2025][DEBUG][./src/main.c:75] Unhandled event type: 1024
[Mon Mar 31 08:56:27 2025][DEBUG][./src/main.c:75] Unhandled event type: 1024
[Mon Mar 31 08:56:27 2025][DEBUG][./src/main.c:75] Unhandled event type: 1024
[Mon Mar 31 08:56:27 2025][DEBUG][./src/main.c:75] Unhandled event type: 1024
[Mon Mar 31 08:56:27 2025][DEBUG][./src/main.c:75] Unhandled event type: 1024
[Mon Mar 31 08:56:27 2025][DEBUG][./src/main.c:75] Unhandled event type: 1024
[Mon Mar 31 08:56:27 2025][DEBUG][./src/main.c:75] Unhandled event type: 1024
[Mon Mar 31 08:56:27 2025][DEBUG][./src/main.c:75] Unhandled event type: 512
[Mon Mar 31 08:56:27 2025][DEBUG][./src/main.c:75] Unhandled event type: 512
[Mon Mar 31 08:56:27 2025][DEBUG][./src/main.c:75] Unhandled event type: 1024
[Mon Mar 31 08:56:27 2025][DEBUG][./src/main.c:75] Unhandled event type: 1024
[Mon Mar 31 08:56:27 2025][DEBUG][./src/main.c:75] Unhandled event type: 1024
[Mon Mar 31 08:56:27 2025][DEBUG][./src/main.c:75] Unhandled event type: 1024
[Mon Mar 31 08:56:27 2025][DEBUG][./src/main.c:75] Unhandled event type: 1024
[Mon Mar 31 08:56:27 2025][DEBUG][./src/main.c:75] Unhandled event type: 1024
[Mon Mar 31 08:56:27 2025][DEBUG][./src/main.c:75] Unhandled event type: 1024
[Mon Mar 31 08:56:27 2025][DEBUG][./src/main.c:75] Unhandled event type: 1024
[Mon Mar 31 08:56:27 2025][DEBUG][./src/main.c:75] Unhandled event type: 1024
[Mon Mar 31 08:56:27 2025][DEBUG][./src/main.c:75] Unhandled event type: 1024
[Mon Mar 31 08:56:27 2025][DEBUG][./src/main.c:75] Unhandled event type: 1024
[Mon Mar 31 08:56:27 2025][DEBUG][./src/main.c:75] Unhandled event type: 1024
[Mon Mar 31 08:56:27 2025][DEBUG][./src/main.c:75] Unhandled event type: 1024
[Mon Mar 31 08:56:27 2025][DEBUG][./src/main.c:75] Unhandled event type: 1024
[Mon Mar 31 08:56:27 2025][DEBUG][./src/main.c:75] Unhandled event type: 1024
[Mon Mar 31 08:56:27 2025][DEBUG][./src/main.c:75] Unhandled event type: 1024
[Mon Mar 31 08:56:27 2025][DEBUG][./src/main.c:75] Unhandled event type: 1024
[Mon Mar 31 08:56:27 2025][DEBUG][./src/main.c:75] Unhandled event type: 1024
[Mon Mar 31 08:56:27 2025][DEBUG][./src/main.c:75] Unhandled event type: 1024
[Mon Mar 31 08:56:27 2025][DEBUG][./src/main.c:75] Unhandled event type: 1024
[Mon Mar 31 08:56:27 2025][DEBUG][./src/main.c:75] Unhandled event type: 1024
[Mon Mar 31 08:56:27 2025][DEBUG][./src/main.c:75] Unhandled event type: 1024
[Mon Mar 31 08:56:27 2025][DEBUG][./src/main.c:75] Unhandled event type: 1024
[Mon Mar 31 08:56:27 2025][DEBUG][./src/main.c:75] Unhandled event type: 1024
[Mon Mar 31 08:56:27 2025][DEBUG][./src/main.c:75] Unhandled event type: 1024
[Mon Mar 31 08:56:27 2025][DEBUG][./src/main.c:75] Unhandled event type: 1024
[Mon Mar 31 08:56:27 2025][DEBUG][./src/main.c:75] Unhandled event type: 1024
[Mon Mar 31 08:56:27 2025][DEBUG][./src/main.c:75] Unhandled event type: 512
[Mon Mar 31 08:56:28 2025][DEBUG][./src/main.c:75] Unhandled event type: 512
[Mon Mar 31 08:56:28 2025][DEBUG][./src/main.c:75] Unhandled event type: 1024
[Mon Mar 31 08:56:28 2025][DEBUG][./src/main.c:75] Unhandled event type: 1024
[Mon Mar 31 08:56:28 2025][DEBUG][./src/main.c:75] Unhandled event type: 1024
[Mon Mar 31 08:56:28 2025][DEBUG][./src/main.c:75] Unhandled event type: 1024
[Mon Mar 31 08:56:28 2025][DEBUG][./src/main.c:75] Unhandled event type: 512
[Mon Mar 31 08:56:29 2025][DEBUG][./src/main.c:75] Unhandled event type: 512
[Mon Mar 31 08:56:29 2025][INFO][./src/main.c:61] Received quit event
[Mon Mar 31 08:56:29 2025][INFO][./src/main.c:91] Cleaning up resources
[Mon Mar 31 08:56:29 2025][INFO][./src/logger.c:29] Logger closing
